  Bonus.cpp
E:\MarioClone\MarioClone\Bonus.cpp(26,16): warning C4305: '=': truncation from 'double' to 'float'
  entity.cpp
E:\MarioClone\MarioClone\entity.cpp(66,78): warning C4244: 'argument': conversion from 'float' to 'T', possible loss of data
          with
          [
              T=int
          ]
E:\MarioClone\MarioClone\entity.cpp(66,70): warning C4244: 'argument': conversion from 'float' to 'T', possible loss of data
          with
          [
              T=int
          ]
  Abyss.cpp
  flyTur.cpp
E:\MarioClone\MarioClone\flyTur.cpp(26,16): warning C4305: '=': truncation from 'double' to 'float'
  Game.cpp
E:\MarioClone\MarioClone\Game.h(23,1): warning C4005: 'TOP': macro redefinition
E:\MarioClone\MarioClone\tileMap.h(21,1): message : see previous definition of 'TOP'
E:\MarioClone\MarioClone\Game.h(24,1): warning C4005: 'BOTTOM': macro redefinition
E:\MarioClone\MarioClone\tileMap.h(20,1): message : see previous definition of 'BOTTOM'
E:\MarioClone\MarioClone\Game.cpp(124,56): warning C4244: 'argument': conversion from 'T' to 'float', possible loss of data
          with
          [
              T=unsigned int
          ]
E:\MarioClone\MarioClone\Game.cpp(232,39): warning C4244: 'argument': conversion from 'const T' to 'int', possible loss of data
          with
          [
              T=float
          ]
E:\MarioClone\MarioClone\Game.cpp(233,38): warning C4244: 'argument': conversion from 'T' to 'int', possible loss of data
          with
          [
              T=float
          ]
E:\MarioClone\MarioClone\Game.cpp(234,41): warning C4244: 'argument': conversion from 'const T' to 'int', possible loss of data
          with
          [
              T=float
          ]
E:\MarioClone\MarioClone\Game.cpp(331,25): warning C4244: 'argument': conversion from 'const T' to 'int', possible loss of data
          with
          [
              T=float
          ]
E:\MarioClone\MarioClone\Game.cpp(406,12): warning C4244: '=': conversion from 'double' to 'float', possible loss of data
E:\MarioClone\MarioClone\Game.cpp(407,12): warning C4244: '=': conversion from 'double' to 'float', possible loss of data
  GameInfo.cpp
E:\MarioClone\MarioClone\GameInfo.cpp(53,42): warning C4244: 'argument': conversion from 'int' to 'T', possible loss of data
          with
          [
              T=float
          ]
E:\MarioClone\MarioClone\GameInfo.cpp(54,42): warning C4244: 'argument': conversion from 'int' to 'T', possible loss of data
          with
          [
              T=float
          ]
E:\MarioClone\MarioClone\GameInfo.cpp(55,42): warning C4244: 'argument': conversion from 'int' to 'T', possible loss of data
          with
          [
              T=float
          ]
E:\MarioClone\MarioClone\GameInfo.cpp(56,42): warning C4244: 'argument': conversion from 'int' to 'T', possible loss of data
          with
          [
              T=float
          ]
  main.cpp
E:\MarioClone\MarioClone\Game.h(23,1): warning C4005: 'TOP': macro redefinition
E:\MarioClone\MarioClone\tileMap.h(21,1): message : see previous definition of 'TOP'
E:\MarioClone\MarioClone\Game.h(24,1): warning C4005: 'BOTTOM': macro redefinition
E:\MarioClone\MarioClone\tileMap.h(20,1): message : see previous definition of 'BOTTOM'
  Mario.cpp
E:\MarioClone\MarioClone\Mario.cpp(68,26): warning C4244: '=': conversion from 'double' to 'T', possible loss of data
          with
          [
              T=float
          ]
E:\MarioClone\MarioClone\Mario.cpp(90,25): warning C4244: '=': conversion from 'double' to 'T', possible loss of data
          with
          [
              T=float
          ]
E:\MarioClone\MarioClone\Mario.cpp(111,28): warning C4244: '=': conversion from 'double' to 'T', possible loss of data
          with
          [
              T=float
          ]
E:\MarioClone\MarioClone\Mario.cpp(247,46): warning C4244: 'return': conversion from 'sf::Int32' to 'float', possible loss of data
  Menu.cpp
E:\MarioClone\MarioClone\Menu.cpp(50,42): warning C4244: 'argument': conversion from 'int' to 'T', possible loss of data
          with
          [
              T=float
          ]
E:\MarioClone\MarioClone\Menu.cpp(51,42): warning C4244: 'argument': conversion from 'int' to 'T', possible loss of data
          with
          [
              T=float
          ]
E:\MarioClone\MarioClone\Menu.cpp(52,42): warning C4244: 'argument': conversion from 'int' to 'T', possible loss of data
          with
          [
              T=float
          ]
E:\MarioClone\MarioClone\Menu.cpp(53,42): warning C4244: 'argument': conversion from 'int' to 'T', possible loss of data
          with
          [
              T=float
          ]
E:\MarioClone\MarioClone\Menu.cpp(54,42): warning C4244: 'argument': conversion from 'int' to 'T', possible loss of data
          with
          [
              T=float
          ]
E:\MarioClone\MarioClone\Menu.cpp(56,54): warning C4244: 'argument': conversion from 'int' to 'T', possible loss of data
          with
          [
              T=float
          ]
E:\MarioClone\MarioClone\Menu.cpp(57,54): warning C4244: 'argument': conversion from 'int' to 'T', possible loss of data
          with
          [
              T=float
          ]
E:\MarioClone\MarioClone\Menu.cpp(58,54): warning C4244: 'argument': conversion from 'int' to 'T', possible loss of data
          with
          [
              T=float
          ]
E:\MarioClone\MarioClone\Menu.cpp(80,53): warning C4244: 'argument': conversion from 'T' to 'float', possible loss of data
          with
          [
              T=unsigned int
          ]
E:\MarioClone\MarioClone\Menu.cpp(146,51): warning C4244: 'argument': conversion from 'T' to 'float', possible loss of data
          with
          [
              T=unsigned int
          ]
E:\MarioClone\MarioClone\Menu.cpp(282,41): warning C4267: '=': conversion from 'size_t' to 'int', possible loss of data
E:\MarioClone\MarioClone\Menu.cpp(322,51): warning C4244: 'argument': conversion from 'T' to 'float', possible loss of data
          with
          [
              T=unsigned int
          ]
  Plant1.cpp
  Spikey.cpp
E:\MarioClone\MarioClone\Spikey.cpp(25,16): warning C4305: '=': truncation from 'double' to 'float'
  tileMap.cpp
E:\MarioClone\MarioClone\tileMap.cpp(55,54): warning C4244: 'argument': conversion from 'unsigned int' to 'T', possible loss of data
          with
          [
              T=float
          ]
E:\MarioClone\MarioClone\tileMap.cpp(55,38): warning C4244: 'argument': conversion from 'unsigned int' to 'T', possible loss of data
          with
          [
              T=float
          ]
E:\MarioClone\MarioClone\tileMap.cpp(56,60): warning C4244: 'argument': conversion from 'unsigned int' to 'T', possible loss of data
          with
          [
              T=float
          ]
E:\MarioClone\MarioClone\tileMap.cpp(56,44): warning C4244: 'argument': conversion from 'unsigned int' to 'T', possible loss of data
          with
          [
              T=float
          ]
E:\MarioClone\MarioClone\tileMap.cpp(57,66): warning C4244: 'argument': conversion from 'unsigned int' to 'T', possible loss of data
          with
          [
              T=float
          ]
E:\MarioClone\MarioClone\tileMap.cpp(57,44): warning C4244: 'argument': conversion from 'unsigned int' to 'T', possible loss of data
          with
          [
              T=float
          ]
E:\MarioClone\MarioClone\tileMap.cpp(58,60): warning C4244: 'argument': conversion from 'unsigned int' to 'T', possible loss of data
          with
          [
              T=float
          ]
E:\MarioClone\MarioClone\tileMap.cpp(58,38): warning C4244: 'argument': conversion from 'unsigned int' to 'T', possible loss of data
          with
          [
              T=float
          ]
E:\MarioClone\MarioClone\tileMap.cpp(61,57): warning C4244: 'argument': conversion from 'T' to 'T', possible loss of data
          with
          [
              T=unsigned int
          ]
          and
          [
              T=float
          ]
E:\MarioClone\MarioClone\tileMap.cpp(61,40): warning C4244: 'argument': conversion from 'T' to 'T', possible loss of data
          with
          [
              T=unsigned int
          ]
          and
          [
              T=float
          ]
E:\MarioClone\MarioClone\tileMap.cpp(62,63): warning C4244: 'argument': conversion from 'T' to 'T', possible loss of data
          with
          [
              T=unsigned int
          ]
          and
          [
              T=float
          ]
E:\MarioClone\MarioClone\tileMap.cpp(62,46): warning C4244: 'argument': conversion from 'T' to 'T', possible loss of data
          with
          [
              T=unsigned int
          ]
          and
          [
              T=float
          ]
E:\MarioClone\MarioClone\tileMap.cpp(63,69): warning C4244: 'argument': conversion from 'T' to 'T', possible loss of data
          with
          [
              T=unsigned int
          ]
          and
          [
              T=float
          ]
E:\MarioClone\MarioClone\tileMap.cpp(63,46): warning C4244: 'argument': conversion from 'T' to 'T', possible loss of data
          with
          [
              T=unsigned int
          ]
          and
          [
              T=float
          ]
E:\MarioClone\MarioClone\tileMap.cpp(64,63): warning C4244: 'argument': conversion from 'T' to 'T', possible loss of data
          with
          [
              T=unsigned int
          ]
          and
          [
              T=float
          ]
E:\MarioClone\MarioClone\tileMap.cpp(64,40): warning C4244: 'argument': conversion from 'T' to 'T', possible loss of data
          with
          [
              T=unsigned int
          ]
          and
          [
              T=float
          ]
E:\MarioClone\MarioClone\tileMap.cpp(79,30): warning C4244: '=': conversion from 'unsigned int' to 'float', possible loss of data
E:\MarioClone\MarioClone\tileMap.cpp(80,14): warning C4244: '=': conversion from 'unsigned int' to 'float', possible loss of data
E:\MarioClone\MarioClone\tileMap.cpp(81,15): warning C4244: '=': conversion from 'unsigned int' to 'float', possible loss of data
E:\MarioClone\MarioClone\tileMap.cpp(82,29): warning C4244: '=': conversion from 'unsigned int' to 'float', possible loss of data
E:\MarioClone\MarioClone\tileMap.cpp(90,20): warning C4244: 'initializing': conversion from 'float' to 'int', possible loss of data
E:\MarioClone\MarioClone\tileMap.cpp(153,9): warning C4244: 'return': conversion from 'int' to 'float', possible loss of data
E:\MarioClone\MarioClone\tileMap.cpp(186,24): warning C4267: '=': conversion from 'size_t' to 'unsigned int', possible loss of data
E:\MarioClone\MarioClone\tileMap.cpp(188,21): warning C4018: '<': signed/unsigned mismatch
  Turtle.cpp
E:\MarioClone\MarioClone\Turtle.cpp(26,16): warning C4305: '=': truncation from 'double' to 'float'
  Plant2.cpp
  Generating code
  5 of 1215 functions ( 0.4%) were compiled, the rest were copied from previous compilation.
    3 functions were new in current compilation
    3 functions had inline decision re-evaluated but remain unchanged
  Finished generating code
  Mario.vcxproj -> E:\MarioClone\MarioClone\x64\Release\Mario.exe
