e:\marioclone\marioclone\x64\release\vc143.pdb
e:\marioclone\marioclone\x64\release\plant2.obj
e:\marioclone\marioclone\x64\release\turtle.obj
e:\marioclone\marioclone\x64\release\tilemap.obj
e:\marioclone\marioclone\x64\release\spikey.obj
e:\marioclone\marioclone\x64\release\screenshot.obj
e:\marioclone\marioclone\x64\release\plant1.obj
e:\marioclone\marioclone\x64\release\menu.obj
e:\marioclone\marioclone\x64\release\mario.obj
e:\marioclone\marioclone\x64\release\main.obj
e:\marioclone\marioclone\x64\release\gameinfo.obj
e:\marioclone\marioclone\x64\release\game.obj
e:\marioclone\marioclone\x64\release\flytur.obj
e:\marioclone\marioclone\x64\release\fire.obj
e:\marioclone\marioclone\x64\release\entity.obj
e:\marioclone\marioclone\x64\release\bonus.obj
e:\marioclone\marioclone\x64\release\mario.ipdb
e:\marioclone\marioclone\x64\release\mario.iobj
e:\marioclone\marioclone\x64\release\mario.exe
e:\marioclone\marioclone\x64\release\mario.pdb
e:\marioclone\marioclone\x64\release\mario.tlog\cl.command.1.tlog
e:\marioclone\marioclone\x64\release\mario.tlog\cl.read.1.tlog
e:\marioclone\marioclone\x64\release\mario.tlog\cl.write.1.tlog
e:\marioclone\marioclone\x64\release\mario.tlog\link.command.1.tlog
e:\marioclone\marioclone\x64\release\mario.tlog\link.read.1.tlog
e:\marioclone\marioclone\x64\release\mario.tlog\link.write.1.tlog
e:\marioclone\marioclone\x64\release\mario.tlog\link.write.2u.tlog
