c:\super-mario\debug\vc143.pdb
c:\super-mario\debug\vc143.idb
c:\super-mario\debug\turtle.obj
c:\super-mario\debug\tilemap.obj
c:\super-mario\debug\spikey.obj
c:\super-mario\debug\screenshot.obj
c:\super-mario\debug\menu.obj
c:\super-mario\debug\mario.obj
c:\super-mario\debug\main.obj
c:\super-mario\debug\gameinfo.obj
c:\super-mario\debug\game.obj
c:\super-mario\debug\flytur.obj
c:\super-mario\debug\entity.obj
c:\super-mario\debug\bonus.obj
e:\marioclone\marioclone\debug\vc143.pdb
e:\marioclone\marioclone\debug\vc143.idb
e:\marioclone\marioclone\debug\turtle.obj
e:\marioclone\marioclone\debug\tilemap.obj
e:\marioclone\marioclone\debug\spikey.obj
e:\marioclone\marioclone\debug\screenshot.obj
e:\marioclone\marioclone\debug\menu.obj
e:\marioclone\marioclone\debug\mario.obj
e:\marioclone\marioclone\debug\main.obj
e:\marioclone\marioclone\debug\gameinfo.obj
e:\marioclone\marioclone\debug\game.obj
e:\marioclone\marioclone\debug\flytur.obj
e:\marioclone\marioclone\debug\entity.obj
e:\marioclone\marioclone\debug\bonus.obj
c:\super-mario\debug\mario.exe
c:\super-mario\debug\mario.ilk
c:\super-mario\debug\mario.pdb
e:\marioclone\marioclone\debug\mario.pdb
e:\marioclone\marioclone\debug\mario.tlog\cl.command.1.tlog
e:\marioclone\marioclone\debug\mario.tlog\cl.items.tlog
e:\marioclone\marioclone\debug\mario.tlog\cl.read.1.tlog
e:\marioclone\marioclone\debug\mario.tlog\cl.write.1.tlog
e:\marioclone\marioclone\debug\mario.tlog\link-cvtres.read.1.tlog
e:\marioclone\marioclone\debug\mario.tlog\link-cvtres.write.1.tlog
e:\marioclone\marioclone\debug\mario.tlog\link-rc.read.1.tlog
e:\marioclone\marioclone\debug\mario.tlog\link-rc.write.1.tlog
e:\marioclone\marioclone\debug\mario.tlog\link.command.1.tlog
e:\marioclone\marioclone\debug\mario.tlog\link.read.1.tlog
e:\marioclone\marioclone\debug\mario.tlog\link.write.1.tlog
