d:\programs\vs 2019\projects\timber\x64\debug\vc143.pdb
d:\programs\vs 2019\projects\timber\x64\debug\vc143.idb
d:\programs\vs 2019\projects\timber\x64\debug\turtle.obj
d:\programs\vs 2019\projects\timber\x64\debug\tilemap.obj
d:\programs\vs 2019\projects\timber\x64\debug\spikey.obj
d:\programs\vs 2019\projects\timber\x64\debug\screenshot.obj
d:\programs\vs 2019\projects\timber\x64\debug\menu.obj
d:\programs\vs 2019\projects\timber\x64\debug\mario.obj
d:\programs\vs 2019\projects\timber\x64\debug\main.obj
d:\programs\vs 2019\projects\timber\x64\debug\gameinfo.obj
d:\programs\vs 2019\projects\timber\x64\debug\game.obj
d:\programs\vs 2019\projects\timber\x64\debug\flytur.obj
d:\programs\vs 2019\projects\timber\x64\debug\entity.obj
d:\programs\vs 2019\projects\timber\x64\debug\bonus.obj
d:\programs\vs 2019\projects\mario\x64\debug\vc143.pdb
d:\programs\vs 2019\projects\mario\x64\debug\vc143.idb
d:\programs\vs 2019\projects\mario\x64\debug\turtle.obj
d:\programs\vs 2019\projects\mario\x64\debug\tilemap.obj
d:\programs\vs 2019\projects\mario\x64\debug\spikey.obj
d:\programs\vs 2019\projects\mario\x64\debug\screenshot.obj
d:\programs\vs 2019\projects\mario\x64\debug\menu.obj
d:\programs\vs 2019\projects\mario\x64\debug\mario.obj
d:\programs\vs 2019\projects\mario\x64\debug\main.obj
d:\programs\vs 2019\projects\mario\x64\debug\gameinfo.obj
d:\programs\vs 2019\projects\mario\x64\debug\game.obj
d:\programs\vs 2019\projects\mario\x64\debug\flytur.obj
d:\programs\vs 2019\projects\mario\x64\debug\entity.obj
d:\programs\vs 2019\projects\mario\x64\debug\bonus.obj
e:\marioclone\marioclone\x64\debug\vc143.pdb
e:\marioclone\marioclone\x64\debug\vc143.idb
e:\marioclone\marioclone\x64\debug\turtle.obj
e:\marioclone\marioclone\x64\debug\tilemap.obj
e:\marioclone\marioclone\x64\debug\spikey.obj
e:\marioclone\marioclone\x64\debug\screenshot.obj
e:\marioclone\marioclone\x64\debug\menu.obj
e:\marioclone\marioclone\x64\debug\mario.obj
e:\marioclone\marioclone\x64\debug\main.obj
e:\marioclone\marioclone\x64\debug\gameinfo.obj
e:\marioclone\marioclone\x64\debug\game.obj
e:\marioclone\marioclone\x64\debug\flytur.obj
e:\marioclone\marioclone\x64\debug\entity.obj
e:\marioclone\marioclone\x64\debug\bonus.obj
d:\programs\vs 2019\projects\timber\x64\debug\mario.exe
d:\programs\vs 2019\projects\timber\x64\debug\mario.ilk
d:\programs\vs 2019\projects\timber\x64\debug\mario.pdb
d:\programs\vs 2019\projects\mario\x64\debug\mario.exe
d:\programs\vs 2019\projects\mario\x64\debug\mario.ilk
d:\programs\vs 2019\projects\mario\x64\debug\mario.pdb
e:\marioclone\marioclone\x64\debug\mario.ilk
e:\marioclone\marioclone\x64\debug\mario.exe
e:\marioclone\marioclone\x64\debug\mario.pdb
e:\marioclone\marioclone\x64\debug\timber.obj
e:\marioclone\marioclone\x64\debug\timber.ilk
e:\marioclone\marioclone\x64\debug\vc142.idb
e:\marioclone\marioclone\x64\debug\timber.pdb
e:\marioclone\marioclone\x64\debug\vc142.pdb
e:\marioclone\marioclone\x64\debug\mario.tlog\cl.command.1.tlog
e:\marioclone\marioclone\x64\debug\mario.tlog\cl.read.1.tlog
e:\marioclone\marioclone\x64\debug\mario.tlog\cl.write.1.tlog
e:\marioclone\marioclone\x64\debug\mario.tlog\link.command.1.tlog
e:\marioclone\marioclone\x64\debug\mario.tlog\link.read.1.tlog
e:\marioclone\marioclone\x64\debug\mario.tlog\link.write.1.tlog
