D:\Programs\Microsoft Visual Studio\2022\Community\MSBuild\Microsoft\VC\v170\Microsoft.CppBuild.targets(517,5): warning MSB8028: The intermediate directory (x64\Debug\) contains files shared from another project (Timber.vcxproj).  This can lead to incorrect clean and rebuild behavior.
  Game.cpp
E:\MarioClone\MarioClone\Game.h(23,1): warning C4005: 'TOP': macro redefinition
E:\MarioClone\MarioClone\tileMap.h(20,1): message : see previous definition of 'TOP'
E:\MarioClone\MarioClone\Game.h(24,1): warning C4005: 'BOTTOM': macro redefinition
E:\MarioClone\MarioClone\tileMap.h(19,1): message : see previous definition of 'BOTTOM'
E:\MarioClone\MarioClone\Game.cpp(160,39): warning C4244: 'argument': conversion from 'const T' to 'int', possible loss of data
          with
          [
              T=float
          ]
E:\MarioClone\MarioClone\Game.cpp(161,38): warning C4244: 'argument': conversion from 'T' to 'int', possible loss of data
          with
          [
              T=float
          ]
E:\MarioClone\MarioClone\Game.cpp(162,41): warning C4244: 'argument': conversion from 'const T' to 'int', possible loss of data
          with
          [
              T=float
          ]
E:\MarioClone\MarioClone\Game.cpp(253,25): warning C4244: 'argument': conversion from 'const T' to 'int', possible loss of data
          with
          [
              T=float
          ]
E:\MarioClone\MarioClone\Game.cpp(327,12): warning C4244: '=': conversion from 'double' to 'float', possible loss of data
E:\MarioClone\MarioClone\Game.cpp(328,12): warning C4244: '=': conversion from 'double' to 'float', possible loss of data
  Timber.vcxproj -> E:\MarioClone\MarioClone\x64\Debug\Mario.exe
